Command line:
   song_reader_isim_beh.exe
     -simmode  gui
     -simrunnum  0
     -socket  53795

Tue Nov 28 11:37:55 2017


 Elaboration Time: 0.093601 sec

 Current Memory Usage: 656.134 Meg

 Total Signals          : 56
 Total Nets             : 2154
 Total Signal Drivers   : 152
 Total Blocks           : 8
 Total Primitive Blocks : 6
 Total Processes        : 158
 Total Traceable Variables  : 30
 Total Scalar Nets and Variables : 2405
In process song_reader.vCont_61_6 
 FATAL ERROR:ISim: This application has discovered an exceptional condition from which it cannot recover. Process will terminate. To search for possible resolutions to this issue, refer to the Xilinx answer database by going to http://www.xilinx.com/support/answers/index.htm and search with keywords 'ISim' and 'FATAL ERROR'. For technical support on this issue, please open a WebCase with this project attached at http://www.xilinx.com/support.

 Total Simulation Time: 0.499203 sec

 Current Memory Usage: 1012.03 Meg

Tue Nov 28 11:38:45 2017

