Command line:
   note_player_tb_isim_beh.exe
     -simmode  gui
     -simrunnum  0
     -socket  53379

Thu Nov 30 12:50:21 2017


 Elaboration Time: 0.1716 sec

 Current Memory Usage: 796.852 Meg

 Total Signals          : 120
 Total Nets             : 17985
 Total Signal Drivers   : 1139
 Total Blocks           : 21
 Total Primitive Blocks : 15
 Total Processes        : 1162
 Total Traceable Variables  : 59
 Total Scalar Nets and Variables : 18676
Total Line Count : 1243

 Total Simulation Time: 0.1872 sec

 Current Memory Usage: 796.852 Meg

Thu Nov 30 12:50:30 2017

