Command line:
   music_player_tb_isim_beh.exe
     -simmode  gui
     -simrunnum  1
     -socket  50893

Sat Dec 02 14:23:37 2017


 Elaboration Time: 0.546003 sec

 Current Memory Usage: 1090.12 Meg

 Total Signals          : 437
 Total Nets             : 56096
 Total Signal Drivers   : 3550
 Total Blocks           : 72
 Total Primitive Blocks : 51
 Total Processes        : 3620
 Total Traceable Variables  : 143
 Total Scalar Nets and Variables : 58283
Total Line Count : 3834

 Total Simulation Time: 12.8857 sec

 Current Memory Usage: 1404.69 Meg

Sat Dec 02 14:24:09 2017

