Command line:
   song_reader_tb_isim_beh.exe
     -simmode  gui
     -simrunnum  0
     -socket  53792

Tue Nov 28 11:36:52 2017


 Elaboration Time: 0.078 sec

 Current Memory Usage: 656.4 Meg

 Total Signals          : 60
 Total Nets             : 2154
 Total Signal Drivers   : 156
 Total Blocks           : 9
 Total Primitive Blocks : 6
 Total Processes        : 164
 Total Traceable Variables  : 35
 Total Scalar Nets and Variables : 2411
In process song_reader.vCont_61_6 
 FATAL ERROR:ISim: This application has discovered an exceptional condition from which it cannot recover. Process will terminate. To search for possible resolutions to this issue, refer to the Xilinx answer database by going to http://www.xilinx.com/support/answers/index.htm and search with keywords 'ISim' and 'FATAL ERROR'. For technical support on this issue, please open a WebCase with this project attached at http://www.xilinx.com/support.

 Total Simulation Time: 0.436802 sec

 Current Memory Usage: 697.721 Meg

Tue Nov 28 11:36:59 2017

